<?xml version="1.0" encoding="UTF-8"?>
<!-- Generated by org.testng.reporters.JUnitReportReporter -->
<testsuite hostname="Sanju" failures="0" tests="1" name="P9_FakerLibrary_APIChaining.FakeDataGenerator" time="0.184" errors="0" timestamp="2025-04-12T20:14:21 IST" skipped="0">
  <testcase classname="P9_FakerLibrary_APIChaining.FakeDataGenerator" name="FakerLibraryDataGenerator" time="0.184"/>
  <system-out/>
</testsuite> <!-- P9_FakerLibrary_APIChaining.FakeDataGenerator -->
