<?xml version="1.0" encoding="UTF-8"?>
<!-- Generated by org.testng.reporters.JUnitReportReporter -->
<testsuite hostname="Sanju" failures="0" tests="1" name="P2_CreatingPostRequestPayloadInMultipleWays.Ex3_postRequest_ExternalJSONFile" time="1.127" errors="0" timestamp="2025-04-02T21:14:23 IST" skipped="0">
  <testcase classname="P2_CreatingPostRequestPayloadInMultipleWays.Ex3_postRequest_ExternalJSONFile" name="TC1_createNewStudentDeatail" time="1.127"/>
  <system-out/>
</testsuite> <!-- P2_CreatingPostRequestPayloadInMultipleWays.Ex3_postRequest_ExternalJSONFile -->
