<?xml version="1.0" encoding="UTF-8"?>
<!-- Generated by org.testng.reporters.JUnitReportReporter -->
<testsuite hostname="Sanju" failures="0" tests="1" name="P3_ResponseValidation.Ex4_ValodateResponse_getAllTitleUsingJSOnObject" time="1.072" errors="0" timestamp="2025-04-07T21:19:37 IST" skipped="0">
  <testcase classname="P3_ResponseValidation.Ex4_ValodateResponse_getAllTitleUsingJSOnObject" name="getAllTitlesFromResponseUsingJSONObject" time="1.072"/>
  <system-out/>
</testsuite> <!-- P3_ResponseValidation.Ex4_ValodateResponse_getAllTitleUsingJSOnObject -->
