<?xml version="1.0" encoding="UTF-8"?>
<!-- Generated by org.testng.reporters.JUnitReportReporter -->
<testsuite hostname="Sanju" failures="0" tests="4" name="P6_Request_Response_Specification.Ex2_WitRequestSpecBuilder" time="1.777" errors="0" timestamp="2025-04-11T20:50:42 IST" skipped="0">
  <testcase classname="P6_Request_Response_Specification.Ex2_WitRequestSpecBuilder" name="TC1_postStudentDatails" time="1.610"/>
  <system-out/>
  <testcase classname="P6_Request_Response_Specification.Ex2_WitRequestSpecBuilder" name="TC2_getSpecificStudentDatails" time="0.112"/>
  <system-out/>
  <testcase classname="P6_Request_Response_Specification.Ex2_WitRequestSpecBuilder" name="TC3_UpdateSpecificStudentDatails" time="0.031"/>
  <system-out/>
  <testcase classname="P6_Request_Response_Specification.Ex2_WitRequestSpecBuilder" name="TC4_DeeleteSpecificStudentDatails" time="0.024"/>
  <system-out/>
</testsuite> <!-- P6_Request_Response_Specification.Ex2_WitRequestSpecBuilder -->
