<?xml version="1.0" encoding="UTF-8"?>
<!-- Generated by org.testng.reporters.JUnitReportReporter -->
<testsuite hostname="Sanju" failures="0" tests="1" name="P1_BasicHttpRequests.Ex1_getRequest_Students" time="1.174" errors="0" timestamp="2025-03-31T21:42:15 IST" skipped="0">
  <testcase classname="P1_BasicHttpRequests.Ex1_getRequest_Students" name="TC1_getAllStudents" time="1.174"/>
  <system-out/>
</testsuite> <!-- P1_BasicHttpRequests.Ex1_getRequest_Students -->
