<?xml version="1.0" encoding="UTF-8"?>
<!-- Generated by org.testng.reporters.JUnitReportReporter -->
<testsuite hostname="Sanju" failures="0" tests="1" name="P4_Logging_Path_Query_Parameters_Cookies_Headers.Ex2_Path_QuerryParameter" time="1.861" errors="0" timestamp="2025-04-04T21:07:08 IST" skipped="0">
  <testcase classname="P4_Logging_Path_Query_Parameters_Cookies_Headers.Ex2_Path_QuerryParameter" name="TC2" time="1.861"/>
  <system-out/>
</testsuite> <!-- P4_Logging_Path_Query_Parameters_Cookies_Headers.Ex2_Path_QuerryParameter -->
