<?xml version="1.0" encoding="UTF-8"?>
<!-- Generated by org.testng.reporters.JUnitReportReporter -->
<testsuite hostname="Sanju" failures="0" tests="1" name="P5_SchemaValidation.Ex1_JSONSchemaValidation" time="1.485" errors="0" timestamp="2025-04-08T21:09:42 IST" skipped="0">
  <testcase classname="P5_SchemaValidation.Ex1_JSONSchemaValidation" name="jsonSchemaValidation" time="1.485"/>
  <system-out/>
</testsuite> <!-- P5_SchemaValidation.Ex1_JSONSchemaValidation -->
