<?xml version="1.0" encoding="UTF-8"?>
<!-- Generated by org.testng.reporters.JUnitReportReporter -->
<testsuite hostname="Sanju" failures="0" tests="1" name="P1_BasicHttpRequests.Ex3_deleteRequest_Students" time="1.168" errors="0" timestamp="2025-04-02T21:28:28 IST" skipped="0">
  <testcase classname="P1_BasicHttpRequests.Ex3_deleteRequest_Students" name="TC1_getAllStudents" time="1.168"/>
  <system-out/>
</testsuite> <!-- P1_BasicHttpRequests.Ex3_deleteRequest_Students -->
