<?xml version="1.0" encoding="UTF-8"?>
<!-- Generated by org.testng.reporters.JUnitReportReporter -->
<testsuite hostname="Sanju" failures="0" tests="2" name="P1_BasicHttpRequests.Ex1_getRequest_reqRes" time="2.979" errors="0" timestamp="2025-04-02T20:52:02 IST" skipped="0">
  <testcase classname="P1_BasicHttpRequests.Ex1_getRequest_reqRes" name="TC1_validUser" time="2.450"/>
  <system-out/>
  <testcase classname="P1_BasicHttpRequests.Ex1_getRequest_reqRes" name="TC2_invalidUser" time="0.529"/>
  <system-out/>
</testsuite> <!-- P1_BasicHttpRequests.Ex1_getRequest_reqRes -->
