<?xml version="1.0" encoding="UTF-8"?>
<!-- Generated by org.testng.reporters.JUnitReportReporter -->
<testsuite hostname="Sanju" failures="0" tests="1" name="P4_Logging_Path_Query_Parameters_Cookies_Headers.Ex1_Logging" time="1.321" errors="0" timestamp="2025-04-04T20:44:55 IST" skipped="0">
  <testcase classname="P4_Logging_Path_Query_Parameters_Cookies_Headers.Ex1_Logging" name="TC1_validUser" time="1.321"/>
  <system-out/>
</testsuite> <!-- P4_Logging_Path_Query_Parameters_Cookies_Headers.Ex1_Logging -->
