<?xml version="1.0" encoding="UTF-8"?>
<!-- Generated by org.testng.reporters.JUnitReportReporter -->
<testsuite hostname="Sanju" failures="0" tests="1" name="P2_CreatingPostRequestPayloadInMultipleWays.Ex1_postRequest_Hashmap" time="1.324" errors="0" timestamp="2025-04-02T20:57:07 IST" skipped="0">
  <testcase classname="P2_CreatingPostRequestPayloadInMultipleWays.Ex1_postRequest_Hashmap" name="TC1_createNewStudentDeatail" time="1.324"/>
  <system-out/>
</testsuite> <!-- P2_CreatingPostRequestPayloadInMultipleWays.Ex1_postRequest_Hashmap -->
