<?xml version="1.0" encoding="UTF-8"?>
<!-- Generated by org.testng.reporters.JUnitReportReporter -->
<testsuite hostname="Sanju" failures="0" tests="1" name="P7_Serialization_And_DeSerialization.ex1_serialization_Deserialization_Students" time="1.279" errors="0" timestamp="2025-04-11T21:21:26 IST" skipped="0">
  <testcase classname="P7_Serialization_And_DeSerialization.ex1_serialization_Deserialization_Students" name="TC2_DeSerialization" time="1.279"/>
  <system-out/>
</testsuite> <!-- P7_Serialization_And_DeSerialization.ex1_serialization_Deserialization_Students -->
