<?xml version="1.0" encoding="UTF-8"?>
<!-- Generated by org.testng.reporters.JUnitReportReporter -->
<testsuite hostname="Sanju" failures="0" tests="1" name="P9_FakerLibrary_APIChaining.stu3_UpdateUser" time="0.048" errors="0" timestamp="2025-04-12T20:33:00 IST" skipped="0">
  <testcase classname="P9_FakerLibrary_APIChaining.stu3_UpdateUser" name="TC3_UpdateUser" time="0.048"/>
  <system-out/>
</testsuite> <!-- P9_FakerLibrary_APIChaining.stu3_UpdateUser -->
