<?xml version="1.0" encoding="UTF-8"?>
<!-- Generated by org.testng.reporters.JUnitReportReporter -->
<testsuite hostname="Sanju" failures="0" tests="1" name="P3_ResponseValidation.Ex3_ValodateResponse_getSingleDataUsingJSOnObject" time="1.127" errors="0" timestamp="2025-04-07T21:06:34 IST" skipped="0">
  <testcase classname="P3_ResponseValidation.Ex3_ValodateResponse_getSingleDataUsingJSOnObject" name="getSingleTitleUsingJSOBObject" time="1.127"/>
  <system-out/>
</testsuite> <!-- P3_ResponseValidation.Ex3_ValodateResponse_getSingleDataUsingJSOnObject -->
