<?xml version="1.0" encoding="UTF-8"?>
<!-- Generated by org.testng.reporters.JUnitReportReporter -->
<testsuite hostname="Sanju" failures="0" tests="4" name="P6_Request_Response_Specification.Ex3_WitRequestResponseSpecBuilder" time="1.454" errors="0" timestamp="2025-04-11T20:58:15 IST" skipped="0">
  <testcase classname="P6_Request_Response_Specification.Ex3_WitRequestResponseSpecBuilder" name="TC1_postStudentDatails" time="1.299"/>
  <system-out/>
  <testcase classname="P6_Request_Response_Specification.Ex3_WitRequestResponseSpecBuilder" name="TC2_getSpecificStudentDatails" time="0.101"/>
  <system-out/>
  <testcase classname="P6_Request_Response_Specification.Ex3_WitRequestResponseSpecBuilder" name="TC3_UpdateSpecificStudentDatails" time="0.030"/>
  <system-out/>
  <testcase classname="P6_Request_Response_Specification.Ex3_WitRequestResponseSpecBuilder" name="TC4_DeeleteSpecificStudentDatails" time="0.024"/>
  <system-out/>
</testsuite> <!-- P6_Request_Response_Specification.Ex3_WitRequestResponseSpecBuilder -->
