<?xml version="1.0" encoding="UTF-8"?>
<!-- Generated by org.testng.reporters.JUnitReportReporter -->
<testsuite hostname="Sanju" failures="0" tests="1" name="P11_DataProvider.StudentsTest" time="0.000" errors="0" timestamp="2025-04-15T21:19:18 IST" skipped="1">
  <testcase classname="P11_DataProvider.StudentsTest" name="TC4" time="0.000">
    <skipped/>
  </testcase> <!-- TC4 -->
  <system-out/>
</testsuite> <!-- P11_DataProvider.StudentsTest -->
