<?xml version="1.0" encoding="UTF-8"?>
<!-- Generated by org.testng.reporters.JUnitReportReporter -->
<testsuite hostname="Sanju" failures="0" tests="2" name="P1_BasicHttpRequests.Ex1_getRequest" time="3.127" errors="0" timestamp="2025-03-30T21:22:43 IST" skipped="0">
  <testcase classname="P1_BasicHttpRequests.Ex1_getRequest" name="TC1_validUser" time="2.459"/>
  <system-out/>
  <testcase classname="P1_BasicHttpRequests.Ex1_getRequest" name="TC2_invalidUser" time="0.668"/>
  <system-out/>
</testsuite> <!-- P1_BasicHttpRequests.Ex1_getRequest -->
