<?xml version="1.0" encoding="UTF-8"?>
<!-- Generated by org.testng.reporters.JUnitReportReporter -->
<testsuite hostname="Sanju" failures="0" tests="1" name="P1_BasicHttpRequests.Ex2_putRequest_Students" time="1.361" errors="0" timestamp="2025-04-02T21:25:54 IST" skipped="0">
  <testcase classname="P1_BasicHttpRequests.Ex2_putRequest_Students" name="TC1_updateStudentDetail" time="1.361"/>
  <system-out/>
</testsuite> <!-- P1_BasicHttpRequests.Ex2_putRequest_Students -->
