<?xml version="1.0" encoding="UTF-8"?>
<!-- Generated by org.testng.reporters.JUnitReportReporter -->
<testsuite hostname="Sanju" failures="0" tests="2" name="P4_Logging_Path_Query_Parameters_Cookies_Headers.Ex4_Headers" time="5.162" errors="0" timestamp="2025-04-05T19:28:44 IST" skipped="0">
  <testcase classname="P4_Logging_Path_Query_Parameters_Cookies_Headers.Ex4_Headers" name="testHeades_withouStoringResponse" time="3.282"/>
  <system-out/>
  <testcase classname="P4_Logging_Path_Query_Parameters_Cookies_Headers.Ex4_Headers" name="getAllHeadersInfo" time="1.880"/>
  <system-out/>
</testsuite> <!-- P4_Logging_Path_Query_Parameters_Cookies_Headers.Ex4_Headers -->
