<?xml version="1.0" encoding="UTF-8"?>
<!-- Generated by org.testng.reporters.JUnitReportReporter -->
<testsuite hostname="Sanju" failures="0" tests="1" name="P10_TypesOfAuthorizations.Ex1_Basic_Auththentication" time="5.002" errors="0" timestamp="2025-04-12T20:43:42 IST" skipped="0">
  <testcase classname="P10_TypesOfAuthorizations.Ex1_Basic_Auththentication" name="basicAuth" time="5.002"/>
  <system-out/>
</testsuite> <!-- P10_TypesOfAuthorizations.Ex1_Basic_Auththentication -->
