<?xml version="1.0" encoding="UTF-8"?>
<!-- Generated by org.testng.reporters.JUnitReportReporter -->
<testsuite hostname="Sanju" failures="0" tests="1" name="P2_CreatingPostRequestPayloadInMultipleWays.Ex2_postRequest_org_JSONLibrary" time="1.029" errors="0" timestamp="2025-04-02T21:04:08 IST" skipped="0">
  <testcase classname="P2_CreatingPostRequestPayloadInMultipleWays.Ex2_postRequest_org_JSONLibrary" name="TC1_createNewStudentDeatail" time="1.029"/>
  <system-out/>
</testsuite> <!-- P2_CreatingPostRequestPayloadInMultipleWays.Ex2_postRequest_org_JSONLibrary -->
