<?xml version="1.0" encoding="UTF-8"?>
<!-- Generated by org.testng.reporters.JUnitReportReporter -->
<testsuite hostname="Sanju" failures="0" tests="1" name="P4_Logging_Path_Query_Parameters_Cookies_Headers.Ex3_Cookies" time="1.758" errors="0" timestamp="2025-04-04T21:24:36 IST" skipped="0">
  <testcase classname="P4_Logging_Path_Query_Parameters_Cookies_Headers.Ex3_Cookies" name="getCookieInfo" time="1.758"/>
  <system-out/>
</testsuite> <!-- P4_Logging_Path_Query_Parameters_Cookies_Headers.Ex3_Cookies -->
