<?xml version="1.0" encoding="UTF-8"?>
<!-- Generated by org.testng.reporters.JUnitReportReporter -->
<testsuite hostname="Sanju" failures="0" tests="4" name="P9_FakerLibrary_APIChaining.Ex1_AllRequestInSingleClass" time="2.096" errors="0" timestamp="2025-04-13T17:44:42 IST" skipped="0">
  <testcase classname="P9_FakerLibrary_APIChaining.Ex1_AllRequestInSingleClass" name="TC1_postStudentDatails" time="1.944"/>
  <system-out/>
  <testcase classname="P9_FakerLibrary_APIChaining.Ex1_AllRequestInSingleClass" name="TC2_getSpecificStudentDatails" time="0.101"/>
  <system-out/>
  <testcase classname="P9_FakerLibrary_APIChaining.Ex1_AllRequestInSingleClass" name="TC3_UpdateSpecificStudentDatails" time="0.032"/>
  <system-out/>
  <testcase classname="P9_FakerLibrary_APIChaining.Ex1_AllRequestInSingleClass" name="TC3_DeeleteSpecificStudentDatails" time="0.019"/>
  <system-out/>
</testsuite> <!-- P9_FakerLibrary_APIChaining.Ex1_AllRequestInSingleClass -->
