<?xml version="1.0" encoding="UTF-8"?>
<!-- Generated by org.testng.reporters.JUnitReportReporter -->
<testsuite hostname="Sanju" failures="0" tests="1" name="P3_ResponseValidation.EX2" time="1.515" errors="0" timestamp="2025-04-05T19:51:08 IST" skipped="0">
  <testcase classname="P3_ResponseValidation.EX2" name="TC1_testJSONResponse2" time="1.515"/>
  <system-out/>
</testsuite> <!-- P3_ResponseValidation.EX2 -->
