<?xml version="1.0" encoding="UTF-8"?>
<!-- Generated by org.testng.reporters.JUnitReportReporter -->
<testsuite hostname="Sanju" failures="0" tests="2" name="P11_DataProvider.Sample1" time="0.010" errors="0" timestamp="2025-04-15T20:50:09 IST" skipped="0">
  <testcase classname="P11_DataProvider.Sample1" name="TC1" time="0.000"/>
  <system-out/>
  <testcase classname="P11_DataProvider.Sample1" name="TC1" time="0.010"/>
  <system-out/>
</testsuite> <!-- P11_DataProvider.Sample1 -->
