<?xml version="1.0" encoding="UTF-8"?>
<!-- Generated by org.testng.reporters.JUnitReportReporter -->
<testsuite hostname="Sanju" failures="0" tests="1" name="P3_ResponseValidation.Ex1_ValidateResponse_getRequest_Students" time="1.557" errors="0" timestamp="2025-04-03T21:38:59 IST" skipped="0">
  <testcase classname="P3_ResponseValidation.Ex1_ValidateResponse_getRequest_Students" name="TC2_validateReponseOfMultipleStudent" time="1.557"/>
  <system-out/>
</testsuite> <!-- P3_ResponseValidation.Ex1_ValidateResponse_getRequest_Students -->
