<?xml version="1.0" encoding="UTF-8"?>
<!-- Generated by org.testng.reporters.JUnitReportReporter -->
<testsuite hostname="Sanju" failures="0" tests="1" name="P2_CreatingPostRequestPayloadInMultipleWays.Ex4_postRequest_POJOClass" time="1.289" errors="0" timestamp="2025-04-03T21:11:43 IST" skipped="0">
  <testcase classname="P2_CreatingPostRequestPayloadInMultipleWays.Ex4_postRequest_POJOClass" name="TC1_createNewStudentDeatail" time="1.289"/>
  <system-out/>
</testsuite> <!-- P2_CreatingPostRequestPayloadInMultipleWays.Ex4_postRequest_POJOClass -->
