<?xml version="1.0" encoding="UTF-8"?>
<!-- Generated by org.testng.reporters.JUnitReportReporter -->
<testsuite hostname="Sanju" failures="0" tests="4" name="P6_Request_Response_Specification.Ex1_WithoutRequestResponseSpecBuilder" time="1.929" errors="0" timestamp="2025-04-08T21:37:02 IST" skipped="0">
  <testcase classname="P6_Request_Response_Specification.Ex1_WithoutRequestResponseSpecBuilder" name="TC1_postStudentDatails" time="1.779"/>
  <system-out/>
  <testcase classname="P6_Request_Response_Specification.Ex1_WithoutRequestResponseSpecBuilder" name="TC2_getSpecificStudentDatails" time="0.102"/>
  <system-out/>
  <testcase classname="P6_Request_Response_Specification.Ex1_WithoutRequestResponseSpecBuilder" name="TC3_UpdateSpecificStudentDatails" time="0.032"/>
  <system-out/>
  <testcase classname="P6_Request_Response_Specification.Ex1_WithoutRequestResponseSpecBuilder" name="TC3_DeeleteSpecificStudentDatails" time="0.016"/>
  <system-out/>
</testsuite> <!-- P6_Request_Response_Specification.Ex1_WithoutRequestResponseSpecBuilder -->
